#
# There is insufficient memory for the Java Runtime Environment to continue.
# Native memory allocation (malloc) failed to allocate 201456 bytes for Chunk::new
# Possible reasons:
#   The system is out of physical RAM or swap space
#   The process is running with CompressedOops enabled, and the Java Heap may be blocking the growth of the native heap
# Possible solutions:
#   Reduce memory load on the system
#   Increase physical memory or swap space
#   Check if swap backing store is full
#   Decrease Java heap size (-Xmx/-Xms)
#   Decrease number of Java threads
#   Decrease Java thread stack sizes (-Xss)
#   Set larger code cache with -XX:ReservedCodeCacheSize=
#   JVM is running with Unscaled Compressed Oops mode in which the Java heap is
#     placed in the first 4GB address space. The Java Heap base address is the
#     maximum limit for the native heap growth. Please use -XX:HeapBaseMinAddress
#     to set the Java Heap base and to place the Java Heap above 4GB virtual address.
# This output file may be truncated or incomplete.
#
#  Out of Memory Error (./open/src/hotspot/share/memory/arena.cpp:197), pid=12500, tid=9340
#
# JRE version: Java(TM) SE Runtime Environment 18.9 (11.0.10+8) (build 11.0.10+8-LTS-162)
# Java VM: Java HotSpot(TM) 64-Bit Server VM 18.9 (11.0.10+8-LTS-162, mixed mode, tiered, compressed oops, g1 gc, windows-amd64)
# No core dump will be written. Minidumps are not enabled by default on client versions of Windows
#

---------------  S U M M A R Y ------------

Command Line: -ea -Didea.test.cyclic.buffer.size=1048576 -javaagent:D:\Idea JDK\IntelliJ IDEA Community Edition 2020.3.3\lib\idea_rt.jar=60570:D:\Idea JDK\IntelliJ IDEA Community Edition 2020.3.3\bin -Dfile.encoding=UTF-8 com.intellij.rt.testng.RemoteTestNGStarter -usedefaultlisteners false -socket60569 @w@C:\Users\asus\AppData\Local\Temp\idea_working_dirs_testng.tmp -temp C:\Users\asus\AppData\Local\Temp\idea_testng1.tmp

Host: Intel(R) Core(TM) i3-5005U CPU @ 2.00GHz, 4 cores, 3G,  Windows 10 , 64 bit Build 19041 (10.0.19041.928)
Time: Wed Apr 21 21:26:47 2021 Ô³íëÿíä³ÿ (ë³òî) elapsed time: 37.992737 seconds (0d 0h 0m 37s)

---------------  T H R E A D  ---------------

Current thread (0x000001c9f7bdd000):  JavaThread "C2 CompilerThread0" daemon [_thread_in_native, id=9340, stack(0x0000008829500000,0x0000008829600000)]


Current CompileTask:
C2:  37993 1210       4       java.util.HashMap::putVal (300 bytes)

Stack: [0x0000008829500000,0x0000008829600000]
Native frames: (J=compiled Java code, j=interpreted, Vv=VM code, C=native code)
V  [jvm.dll+0x613e6a]
V  [jvm.dll+0x74c1ff]
V  [jvm.dll+0x74d885]
V  [jvm.dll+0x74df03]
V  [jvm.dll+0x243b78]
V  [jvm.dll+0xba2cc]
V  [jvm.dll+0xba9cc]
V  [jvm.dll+0x3469c7]
V  [jvm.dll+0x3147d3]
V  [jvm.dll+0x313b1a]
V  [jvm.dll+0x1fd395]
V  [jvm.dll+0x1fc54f]
V  [jvm.dll+0x17f09c]
V  [jvm.dll+0x20bbd4]
V  [jvm.dll+0x209cab]
V  [jvm.dll+0x713619]
V  [jvm.dll+0x70c314]
V  [jvm.dll+0x613036]
C  [ucrtbase.dll+0x21bb2]
C  [KERNEL32.DLL+0x17034]
C  [ntdll.dll+0x52651]


---------------  P R O C E S S  ---------------

Threads class SMR info:
_java_thread_list=0x000001c9f8705100, length=11, elements={
0x000001c9dbd10000, 0x000001c9f7b78800, 0x000001c9f7b79800, 0x000001c9f7bd5000,
0x000001c9f7bd9000, 0x000001c9f7bdd000, 0x000001c9f7be0800, 0x000001c9f7be3000,
0x000001c9dbdc3800, 0x000001c9f8715800, 0x000001c9f8716000
}

Java Threads: ( => current thread )
  0x000001c9dbd10000 JavaThread "main" [_thread_in_Java, id=11016, stack(0x0000008828a00000,0x0000008828b00000)]
  0x000001c9f7b78800 JavaThread "Reference Handler" daemon [_thread_blocked, id=4424, stack(0x0000008829100000,0x0000008829200000)]
  0x000001c9f7b79800 JavaThread "Finalizer" daemon [_thread_blocked, id=4272, stack(0x0000008829200000,0x0000008829300000)]
  0x000001c9f7bd5000 JavaThread "Signal Dispatcher" daemon [_thread_blocked, id=4968, stack(0x0000008829300000,0x0000008829400000)]
  0x000001c9f7bd9000 JavaThread "Attach Listener" daemon [_thread_blocked, id=12656, stack(0x0000008829400000,0x0000008829500000)]
=>0x000001c9f7bdd000 JavaThread "C2 CompilerThread0" daemon [_thread_in_native, id=9340, stack(0x0000008829500000,0x0000008829600000)]
  0x000001c9f7be0800 JavaThread "C1 CompilerThread0" daemon [_thread_in_native, id=8384, stack(0x0000008829600000,0x0000008829700000)]
  0x000001c9f7be3000 JavaThread "Sweeper thread" daemon [_thread_blocked, id=10292, stack(0x0000008829700000,0x0000008829800000)]
  0x000001c9dbdc3800 JavaThread "Common-Cleaner" daemon [_thread_blocked, id=4684, stack(0x0000008829800000,0x0000008829900000)]
  0x000001c9f8715800 JavaThread "Monitor Ctrl-Break" daemon [_thread_in_native, id=9732, stack(0x0000008829900000,0x0000008829a00000)]
  0x000001c9f8716000 JavaThread "Service Thread" daemon [_thread_blocked, id=10628, stack(0x0000008829a00000,0x0000008829b00000)]

Other Threads:
  0x000001c9f7b50800 VMThread "VM Thread" [stack: 0x0000008829000000,0x0000008829100000] [id=12480]
  0x000001c9f871b800 WatcherThread [stack: 0x0000008829b00000,0x0000008829c00000] [id=13020]
  0x000001c9dbd25800 GCTaskThread "GC Thread#0" [stack: 0x0000008828b00000,0x0000008828c00000] [id=12440]
  0x000001c9f8d14000 GCTaskThread "GC Thread#1" [stack: 0x0000008829c00000,0x0000008829d00000] [id=3220]
  0x000001c9dbd3f000 ConcurrentGCThread "G1 Main Marker" [stack: 0x0000008828c00000,0x0000008828d00000] [id=6552]
  0x000001c9dbd41000 ConcurrentGCThread "G1 Conc#0" [stack: 0x0000008828d00000,0x0000008828e00000] [id=6256]
  0x000001c9dbd97800 ConcurrentGCThread "G1 Refine#0" [stack: 0x0000008828e00000,0x0000008828f00000] [id=10608]
  0x000001c9dbd98800 ConcurrentGCThread "G1 Young RemSet Sampling" [stack: 0x0000008828f00000,0x0000008829000000] [id=7932]

Threads with active compile tasks:
C2 CompilerThread0  38545 1210       4       java.util.HashMap::putVal (300 bytes)
C1 CompilerThread0  38545 1287       3       java.util.Properties$LineReader::readLine (584 bytes)

VM state:not at safepoint (normal execution)

VM Mutex/Monitor currently owned by a thread: None

Heap address: 0x00000000c1800000, size: 1000 MB, Compressed Oops mode: 32-bit
Narrow klass base: 0x0000000000000000, Narrow klass shift: 3
Compressed class space size: 1073741824 Address: 0x0000000100000000

Heap:
 garbage-first heap   total 65536K, used 8474K [0x00000000c1800000, 0x0000000100000000)
  region size 1024K, 5 young (5120K), 1 survivors (1024K)
 Metaspace       used 14483K, capacity 14866K, committed 14976K, reserved 1069056K
  class space    used 1423K, capacity 1556K, committed 1664K, reserved 1048576K
Heap Regions: E=young(eden), S=young(survivor), O=old, HS=humongous(starts), HC=humongous(continues), CS=collection set, F=free, A=archive, TAMS=top-at-mark-start (previous, next)
|   0|0x00000000c1800000, 0x00000000c1900000, 0x00000000c1900000|100%| O|  |TAMS 0x00000000c1900000, 0x00000000c1800000| Untracked 
|   1|0x00000000c1900000, 0x00000000c1a00000, 0x00000000c1a00000|100%| O|  |TAMS 0x00000000c1a00000, 0x00000000c1900000| Untracked 
|   2|0x00000000c1a00000, 0x00000000c1b00000, 0x00000000c1b00000|100%| O|  |TAMS 0x00000000c1acfa00, 0x00000000c1a00000| Untracked 
|   3|0x00000000c1b00000, 0x00000000c1c00000, 0x00000000c1c00000|100%| O|  |TAMS 0x00000000c1b00000, 0x00000000c1b00000| Untracked 
|   4|0x00000000c1c00000, 0x00000000c1ce7400, 0x00000000c1d00000| 90%| O|  |TAMS 0x00000000c1c00000, 0x00000000c1c00000| Untracked 
|   5|0x00000000c1d00000, 0x00000000c1d00000, 0x00000000c1e00000|  0%| F|  |TAMS 0x00000000c1d00000, 0x00000000c1d00000| Untracked 
|   6|0x00000000c1e00000, 0x00000000c1e00000, 0x00000000c1f00000|  0%| F|  |TAMS 0x00000000c1e00000, 0x00000000c1e00000| Untracked 
|   7|0x00000000c1f00000, 0x00000000c1f00000, 0x00000000c2000000|  0%| F|  |TAMS 0x00000000c1f00000, 0x00000000c1f00000| Untracked 
|   8|0x00000000c2000000, 0x00000000c2000000, 0x00000000c2100000|  0%| F|  |TAMS 0x00000000c2000000, 0x00000000c2000000| Untracked 
|   9|0x00000000c2100000, 0x00000000c2100000, 0x00000000c2200000|  0%| F|  |TAMS 0x00000000c2100000, 0x00000000c2100000| Untracked 
|  10|0x00000000c2200000, 0x00000000c2200000, 0x00000000c2300000|  0%| F|  |TAMS 0x00000000c2200000, 0x00000000c2200000| Untracked 
|  11|0x00000000c2300000, 0x00000000c2300000, 0x00000000c2400000|  0%| F|  |TAMS 0x00000000c2300000, 0x00000000c2300000| Untracked 
|  12|0x00000000c2400000, 0x00000000c2400000, 0x00000000c2500000|  0%| F|  |TAMS 0x00000000c2400000, 0x00000000c2400000| Untracked 
|  13|0x00000000c2500000, 0x00000000c2500000, 0x00000000c2600000|  0%| F|  |TAMS 0x00000000c2500000, 0x00000000c2500000| Untracked 
|  14|0x00000000c2600000, 0x00000000c2600000, 0x00000000c2700000|  0%| F|  |TAMS 0x00000000c2600000, 0x00000000c2600000| Untracked 
|  15|0x00000000c2700000, 0x00000000c2700000, 0x00000000c2800000|  0%| F|  |TAMS 0x00000000c2700000, 0x00000000c2700000| Untracked 
|  16|0x00000000c2800000, 0x00000000c2800000, 0x00000000c2900000|  0%| F|  |TAMS 0x00000000c2800000, 0x00000000c2800000| Untracked 
|  17|0x00000000c2900000, 0x00000000c2900000, 0x00000000c2a00000|  0%| F|  |TAMS 0x00000000c2900000, 0x00000000c2900000| Untracked 
|  18|0x00000000c2a00000, 0x00000000c2a00000, 0x00000000c2b00000|  0%| F|  |TAMS 0x00000000c2a00000, 0x00000000c2a00000| Untracked 
|  19|0x00000000c2b00000, 0x00000000c2b00000, 0x00000000c2c00000|  0%| F|  |TAMS 0x00000000c2b00000, 0x00000000c2b00000| Untracked 
|  20|0x00000000c2c00000, 0x00000000c2c00000, 0x00000000c2d00000|  0%| F|  |TAMS 0x00000000c2c00000, 0x00000000c2c00000| Untracked 
|  21|0x00000000c2d00000, 0x00000000c2d00000, 0x00000000c2e00000|  0%| F|  |TAMS 0x00000000c2d00000, 0x00000000c2d00000| Untracked 
|  22|0x00000000c2e00000, 0x00000000c2e00000, 0x00000000c2f00000|  0%| F|  |TAMS 0x00000000c2e00000, 0x00000000c2e00000| Untracked 
|  23|0x00000000c2f00000, 0x00000000c2f00000, 0x00000000c3000000|  0%| F|  |TAMS 0x00000000c2f00000, 0x00000000c2f00000| Untracked 
|  24|0x00000000c3000000, 0x00000000c3000000, 0x00000000c3100000|  0%| F|  |TAMS 0x00000000c3000000, 0x00000000c3000000| Untracked 
|  25|0x00000000c3100000, 0x00000000c3100000, 0x00000000c3200000|  0%| F|  |TAMS 0x00000000c3100000, 0x00000000c3100000| Untracked 
|  26|0x00000000c3200000, 0x00000000c3200000, 0x00000000c3300000|  0%| F|  |TAMS 0x00000000c3200000, 0x00000000c3200000| Untracked 
|  27|0x00000000c3300000, 0x00000000c3300000, 0x00000000c3400000|  0%| F|  |TAMS 0x00000000c3300000, 0x00000000c3300000| Untracked 
|  28|0x00000000c3400000, 0x00000000c3400000, 0x00000000c3500000|  0%| F|  |TAMS 0x00000000c3400000, 0x00000000c3400000| Untracked 
|  29|0x00000000c3500000, 0x00000000c3500000, 0x00000000c3600000|  0%| F|  |TAMS 0x00000000c3500000, 0x00000000c3500000| Untracked 
|  30|0x00000000c3600000, 0x00000000c3600000, 0x00000000c3700000|  0%| F|  |TAMS 0x00000000c3600000, 0x00000000c3600000| Untracked 
|  31|0x00000000c3700000, 0x00000000c3700000, 0x00000000c3800000|  0%| F|  |TAMS 0x00000000c3700000, 0x00000000c3700000| Untracked 
|  32|0x00000000c3800000, 0x00000000c3800000, 0x00000000c3900000|  0%| F|  |TAMS 0x00000000c3800000, 0x00000000c3800000| Untracked 
|  33|0x00000000c3900000, 0x00000000c3900000, 0x00000000c3a00000|  0%| F|  |TAMS 0x00000000c3900000, 0x00000000c3900000| Untracked 
|  34|0x00000000c3a00000, 0x00000000c3a00000, 0x00000000c3b00000|  0%| F|  |TAMS 0x00000000c3a00000, 0x00000000c3a00000| Untracked 
|  35|0x00000000c3b00000, 0x00000000c3b00000, 0x00000000c3c00000|  0%| F|  |TAMS 0x00000000c3b00000, 0x00000000c3b00000| Untracked 
|  36|0x00000000c3c00000, 0x00000000c3c00000, 0x00000000c3d00000|  0%| F|  |TAMS 0x00000000c3c00000, 0x00000000c3c00000| Untracked 
|  37|0x00000000c3d00000, 0x00000000c3d00000, 0x00000000c3e00000|  0%| F|  |TAMS 0x00000000c3d00000, 0x00000000c3d00000| Untracked 
|  38|0x00000000c3e00000, 0x00000000c3e00000, 0x00000000c3f00000|  0%| F|  |TAMS 0x00000000c3e00000, 0x00000000c3e00000| Untracked 
|  39|0x00000000c3f00000, 0x00000000c3f00000, 0x00000000c4000000|  0%| F|  |TAMS 0x00000000c3f00000, 0x00000000c3f00000| Untracked 
|  40|0x00000000c4000000, 0x00000000c4000000, 0x00000000c4100000|  0%| F|  |TAMS 0x00000000c4000000, 0x00000000c4000000| Untracked 
|  41|0x00000000c4100000, 0x00000000c4100000, 0x00000000c4200000|  0%| F|  |TAMS 0x00000000c4100000, 0x00000000c4100000| Untracked 
|  42|0x00000000c4200000, 0x00000000c4200000, 0x00000000c4300000|  0%| F|  |TAMS 0x00000000c4200000, 0x00000000c4200000| Untracked 
|  43|0x00000000c4300000, 0x00000000c4300000, 0x00000000c4400000|  0%| F|  |TAMS 0x00000000c4300000, 0x00000000c4300000| Untracked 
|  44|0x00000000c4400000, 0x00000000c4400000, 0x00000000c4500000|  0%| F|  |TAMS 0x00000000c4400000, 0x00000000c4400000| Untracked 
|  45|0x00000000c4500000, 0x00000000c4500000, 0x00000000c4600000|  0%| F|  |TAMS 0x00000000c4500000, 0x00000000c4500000| Untracked 
|  46|0x00000000c4600000, 0x00000000c4600000, 0x00000000c4700000|  0%| F|  |TAMS 0x00000000c4600000, 0x00000000c4600000| Untracked 
|  47|0x00000000c4700000, 0x00000000c4700000, 0x00000000c4800000|  0%| F|  |TAMS 0x00000000c4700000, 0x00000000c4700000| Untracked 
|  48|0x00000000c4800000, 0x00000000c4800000, 0x00000000c4900000|  0%| F|  |TAMS 0x00000000c4800000, 0x00000000c4800000| Untracked 
|  49|0x00000000c4900000, 0x00000000c4900000, 0x00000000c4a00000|  0%| F|  |TAMS 0x00000000c4900000, 0x00000000c4900000| Untracked 
|  50|0x00000000c4a00000, 0x00000000c4a00000, 0x00000000c4b00000|  0%| F|  |TAMS 0x00000000c4a00000, 0x00000000c4a00000| Untracked 
|  51|0x00000000c4b00000, 0x00000000c4b00000, 0x00000000c4c00000|  0%| F|  |TAMS 0x00000000c4b00000, 0x00000000c4b00000| Untracked 
|  52|0x00000000c4c00000, 0x00000000c4c00000, 0x00000000c4d00000|  0%| F|  |TAMS 0x00000000c4c00000, 0x00000000c4c00000| Untracked 
|  53|0x00000000c4d00000, 0x00000000c4d00000, 0x00000000c4e00000|  0%| F|  |TAMS 0x00000000c4d00000, 0x00000000c4d00000| Untracked 
|  54|0x00000000c4e00000, 0x00000000c4e00000, 0x00000000c4f00000|  0%| F|  |TAMS 0x00000000c4e00000, 0x00000000c4e00000| Untracked 
|  55|0x00000000c4f00000, 0x00000000c4f00000, 0x00000000c5000000|  0%| F|  |TAMS 0x00000000c4f00000, 0x00000000c4f00000| Untracked 
|  56|0x00000000c5000000, 0x00000000c5000000, 0x00000000c5100000|  0%| F|  |TAMS 0x00000000c5000000, 0x00000000c5000000| Untracked 
|  57|0x00000000c5100000, 0x00000000c5100000, 0x00000000c5200000|  0%| F|  |TAMS 0x00000000c5100000, 0x00000000c5100000| Untracked 
|  58|0x00000000c5200000, 0x00000000c5200000, 0x00000000c5300000|  0%| F|  |TAMS 0x00000000c5200000, 0x00000000c5200000| Untracked 
|  59|0x00000000c5300000, 0x00000000c535f7f0, 0x00000000c5400000| 37%| S|CS|TAMS 0x00000000c5300000, 0x00000000c5300000| Complete 
|  60|0x00000000c5400000, 0x00000000c546de20, 0x00000000c5500000| 42%| E|  |TAMS 0x00000000c5400000, 0x00000000c5400000| Complete 
|  61|0x00000000c5500000, 0x00000000c5600000, 0x00000000c5600000|100%| E|CS|TAMS 0x00000000c5500000, 0x00000000c5500000| Complete 
|  62|0x00000000c5600000, 0x00000000c5700000, 0x00000000c5700000|100%| E|CS|TAMS 0x00000000c5600000, 0x00000000c5600000| Complete 
|  63|0x00000000c5700000, 0x00000000c5800000, 0x00000000c5800000|100%| E|CS|TAMS 0x00000000c5700000, 0x00000000c5700000| Complete 

Card table byte_map: [0x000001c9f3390000,0x000001c9f3590000] _byte_map_base: 0x000001c9f2d84000

Marking Bits (Prev, Next): (CMBitMap*) 0x000001c9dbd3a0c0, (CMBitMap*) 0x000001c9dbd3a088
 Prev Bits: [0x000001c9f4730000, 0x000001c9f56d0000)
 Next Bits: [0x000001c9f3790000, 0x000001c9f4730000)

Polling page: 0x000001c9d9e90000

Metaspace:

Usage:
  Non-class:     13.00 MB capacity,    12.75 MB ( 98%) used,   219.73 KB (  2%) free+waste,    30.50 KB ( <1%) overhead. 
      Class:      1.52 MB capacity,     1.39 MB ( 92%) used,   117.61 KB (  8%) free+waste,    14.63 KB ( <1%) overhead. 
       Both:     14.52 MB capacity,    14.14 MB ( 97%) used,   337.34 KB (  2%) free+waste,    45.13 KB ( <1%) overhead. 

Virtual space:
  Non-class space:       20.00 MB reserved,      13.00 MB ( 65%) committed 
      Class space:        1.00 GB reserved,       1.63 MB ( <1%) committed 
             Both:        1.02 GB reserved,      14.63 MB (  1%) committed 

Chunk freelists:
   Non-Class:  256 bytes
       Class:  1.50 KB
        Both:  1.75 KB

CodeHeap 'non-profiled nmethods': size=120064Kb used=364Kb max_used=364Kb free=119699Kb
 bounds [0x000001c9ebc50000, 0x000001c9ebec0000, 0x000001c9f3190000]
CodeHeap 'profiled nmethods': size=120000Kb used=2504Kb max_used=2504Kb free=117495Kb
 bounds [0x000001c9e4720000, 0x000001c9e49a0000, 0x000001c9ebc50000]
CodeHeap 'non-nmethods': size=5696Kb used=1100Kb max_used=1106Kb free=4595Kb
 bounds [0x000001c9e4190000, 0x000001c9e4400000, 0x000001c9e4720000]
 total_blobs=1695 nmethods=1278 adapters=329
 compilation: enabled
              stopped_count=0, restarted_count=0
 full_count=0

Compilation events (10 events):
Event: 37.628 Thread 0x000001c9f7be0800 nmethod 1202 0x000001c9e4957010 code [0x000001c9e4957260, 0x000001c9e4957b18]
Event: 37.665 Thread 0x000001c9f7be0800 1206       3       java.io.DataInputStream::readShort (40 bytes)
Event: 37.667 Thread 0x000001c9f7be0800 nmethod 1206 0x000001c9e4957e10 code [0x000001c9e4957fe0, 0x000001c9e4958388]
Event: 37.667 Thread 0x000001c9f7be0800 1207       3       java.io.DataInputStream::readFully (9 bytes)
Event: 37.668 Thread 0x000001c9f7be0800 nmethod 1207 0x000001c9e4958510 code [0x000001c9e49586c0, 0x000001c9e4958808]
Event: 37.727 Thread 0x000001c9f7be0800 1208       3       java.util.zip.Checksum::update (11 bytes)
Event: 37.728 Thread 0x000001c9f7be0800 nmethod 1208 0x000001c9e4958910 code [0x000001c9e4958ac0, 0x000001c9e4958c88]
Event: 37.729 Thread 0x000001c9f7be0800 1209       3       java.util.zip.CRC32::update (51 bytes)
Event: 37.730 Thread 0x000001c9f7be0800 nmethod 1209 0x000001c9e4958d90 code [0x000001c9e4958f80, 0x000001c9e49593a8]
Event: 37.744 Thread 0x000001c9f7bdd000 1210       4       java.util.HashMap::putVal (300 bytes)

GC Heap History (4 events):
Event: 33.146 GC heap before
{Heap before GC invocations=0 (full 0):
 garbage-first heap   total 65536K, used 12288K [0x00000000c1800000, 0x0000000100000000)
  region size 1024K, 13 young (13312K), 0 survivors (0K)
 Metaspace       used 11693K, capacity 11900K, committed 12032K, reserved 1067008K
  class space    used 1134K, capacity 1201K, committed 1280K, reserved 1048576K
}
Event: 33.232 GC heap after
{Heap after GC invocations=1 (full 0):
 garbage-first heap   total 65536K, used 4926K [0x00000000c1800000, 0x0000000100000000)
  region size 1024K, 2 young (2048K), 2 survivors (2048K)
 Metaspace       used 11693K, capacity 11900K, committed 12032K, reserved 1067008K
  class space    used 1134K, capacity 1201K, committed 1280K, reserved 1048576K
}
Event: 36.512 GC heap before
{Heap before GC invocations=2 (full 0):
 garbage-first heap   total 65536K, used 9022K [0x00000000c1800000, 0x0000000100000000)
  region size 1024K, 6 young (6144K), 2 survivors (2048K)
 Metaspace       used 13500K, capacity 13857K, committed 14080K, reserved 1069056K
  class space    used 1343K, capacity 1454K, committed 1536K, reserved 1048576K
}
Event: 36.667 GC heap after
{Heap after GC invocations=3 (full 0):
 garbage-first heap   total 65536K, used 5402K [0x00000000c1800000, 0x0000000100000000)
  region size 1024K, 1 young (1024K), 1 survivors (1024K)
 Metaspace       used 13500K, capacity 13857K, committed 14080K, reserved 1069056K
  class space    used 1343K, capacity 1454K, committed 1536K, reserved 1048576K
}

Deoptimization events (10 events):
Event: 21.325 Thread 0x000001c9dbd10000 Uncommon trap: reason=unstable_if action=reinterpret pc=0x000001c9ebc69110 method=java.util.zip.ZipFile$Source.isMetaName([BII)Z @ 43 c2
Event: 23.974 Thread 0x000001c9dbd10000 Uncommon trap: reason=bimorphic_or_optimized_type_check action=maybe_recompile pc=0x000001c9ebc74ca0 method=java.util.HashMap.getNode(ILjava/lang/Object;)Ljava/util/HashMap$Node; @ 59 c2
Event: 24.474 Thread 0x000001c9dbd10000 Uncommon trap: reason=unstable_if action=reinterpret pc=0x000001c9ebc51890 method=java.lang.String.isLatin1()Z @ 10 c2
Event: 24.475 Thread 0x000001c9dbd10000 Uncommon trap: reason=unstable_if action=reinterpret pc=0x000001c9ebc51bf8 method=java.lang.String.isLatin1()Z @ 10 c2
Event: 24.692 Thread 0x000001c9dbd10000 Uncommon trap: reason=bimorphic_or_optimized_type_check action=maybe_recompile pc=0x000001c9ebc5b614 method=java.util.AbstractCollection.isEmpty()Z @ 1 c2
Event: 24.692 Thread 0x000001c9dbd10000 Uncommon trap: reason=bimorphic_or_optimized_type_check action=maybe_recompile pc=0x000001c9ebc5b614 method=java.util.AbstractCollection.isEmpty()Z @ 1 c2
Event: 24.710 Thread 0x000001c9dbd10000 Uncommon trap: reason=bimorphic_or_optimized_type_check action=maybe_recompile pc=0x000001c9ebc5b614 method=java.util.AbstractCollection.isEmpty()Z @ 1 c2
Event: 24.713 Thread 0x000001c9dbd10000 Uncommon trap: reason=bimorphic_or_optimized_type_check action=maybe_recompile pc=0x000001c9ebc5b614 method=java.util.AbstractCollection.isEmpty()Z @ 1 c2
Event: 26.331 Thread 0x000001c9dbd10000 Uncommon trap: reason=unstable_if action=reinterpret pc=0x000001c9ebc66a00 method=java.io.WinNTFileSystem.isSlash(C)Z @ 9 c2
Event: 31.789 Thread 0x000001c9dbd10000 Uncommon trap: reason=unstable_if action=reinterpret pc=0x000001c9ebc8d680 method=java.io.WinNTFileSystem.normalize(Ljava/lang/String;)Ljava/lang/String; @ 128 c2

Classes redefined (0 events):
No events

Internal exceptions (10 events):
Event: 34.561 Thread 0x000001c9dbd10000 Exception <a 'java/lang/NoSuchMethodError'{0x00000000c56791f0}: java.lang.invoke.DirectMethodHandle$Holder.invokeSpecial(Ljava/lang/Object;Ljava/lang/Object;Ljava/lang/Object;Ljava/lang/Object;Ljava/lang/Object;Ljava/lang/Object;Ljava/lang/Object;Ljava/la
Event: 34.564 Thread 0x000001c9dbd10000 Exception <a 'java/lang/NoSuchMethodError'{0x00000000c5683788}: java.lang.invoke.Invokers$Holder.linkToTargetMethod(Ljava/lang/Object;Ljava/lang/Object;Ljava/lang/Object;Ljava/lang/Object;Ljava/lang/Object;Ljava/lang/Object;Ljava/lang/Object;Ljava/lang/Ob
Event: 34.700 Thread 0x000001c9dbd10000 Exception <a 'java/lang/NoSuchMethodError'{0x00000000c56c2a00}: java.lang.invoke.Invokers$Holder.linkToTargetMethod(Ljava/lang/Object;Ljava/lang/Object;Ljava/lang/Object;Ljava/lang/Object;Ljava/lang/Object;Ljava/lang/Object;Ljava/lang/Object;)Ljava/lang/O
Event: 35.320 Thread 0x000001c9dbd10000 Exception <a 'java/lang/IncompatibleClassChangeError'{0x00000000c5583148}: Found class java.lang.Object, but interface was expected> (0x00000000c5583148) thrown at [./open/src/hotspot/share/interpreter/linkResolver.cpp, line 838]
Event: 35.971 Thread 0x000001c9dbd10000 Exception <a 'java/lang/NoSuchMethodError'{0x00000000c5420398}: java.lang.invoke.DirectMethodHandle$Holder.invokeStatic(Ljava/lang/Object;ILjava/lang/Object;)Ljava/lang/Object;> (0x00000000c5420398) thrown at [./open/src/hotspot/share/interpreter/linkReso
Event: 36.069 Thread 0x000001c9dbd10000 Exception <a 'java/lang/NoSuchMethodError'{0x00000000c5449c70}: java.lang.invoke.DirectMethodHandle$Holder.newInvokeSpecial(Ljava/lang/Object;Ljava/lang/Object;Ljava/lang/Object;)Ljava/lang/Object;> (0x00000000c5449c70) thrown at [./open/src/hotspot/share
Event: 36.177 Thread 0x000001c9dbd10000 Exception <a 'java/lang/NoSuchMethodError'{0x00000000c54682a0}: java.lang.invoke.DirectMethodHandle$Holder.invokeStatic(Ljava/lang/Object;Ljava/lang/Object;ILjava/lang/Object;)Ljava/lang/Object;> (0x00000000c54682a0) thrown at [./open/src/hotspot/share/in
Event: 36.180 Thread 0x000001c9dbd10000 Exception <a 'java/lang/NoSuchMethodError'{0x00000000c546bd18}: java.lang.invoke.DirectMethodHandle$Holder.invokeSpecial(Ljava/lang/Object;Ljava/lang/Object;Ljava/lang/Object;ILjava/lang/Object;)Ljava/lang/Object;> (0x00000000c546bd18) thrown at [./open/s
Event: 36.198 Thread 0x000001c9dbd10000 Exception <a 'java/lang/NoSuchMethodError'{0x00000000c546f1a8}: java.lang.invoke.Invokers$Holder.linkToTargetMethod(Ljava/lang/Object;ILjava/lang/Object;Ljava/lang/Object;)Ljava/lang/Object;> (0x00000000c546f1a8) thrown at [./open/src/hotspot/share/interp
Event: 37.069 Thread 0x000001c9dbd10000 Exception <a 'java/lang/NoClassDefFoundError'{0x00000000c566cb88}: org/slf4j/impl/StaticLoggerBinder> (0x00000000c566cb88) thrown at [./open/src/hotspot/share/classfile/systemDictionary.cpp, line 217]

Events (10 events):
Event: 37.736 loading class sun/util/locale/provider/CalendarProviderImpl
Event: 37.742 loading class sun/util/locale/provider/CalendarProviderImpl done
Event: 37.790 loading class java/util/Calendar$Builder
Event: 37.792 loading class java/util/Calendar$Builder done
Event: 37.792 loading class java/util/GregorianCalendar
Event: 37.833 loading class java/util/GregorianCalendar done
Event: 37.835 loading class java/util/spi/CalendarDataProvider
Event: 37.835 loading class java/util/spi/CalendarDataProvider done
Event: 37.835 loading class sun/util/locale/provider/LocaleServiceProviderPool
Event: 37.836 loading class sun/util/locale/provider/LocaleServiceProviderPool done


Dynamic libraries:
0x00007ff70ee70000 - 0x00007ff70ee7f000 	C:\Program Files\Java\jdk-11.0.10\bin\java.exe
0x00007ffbb50d0000 - 0x00007ffbb52c5000 	C:\WINDOWS\SYSTEM32\ntdll.dll
0x00007ffbada30000 - 0x00007ffbada43000 	C:\Program Files\AVAST Software\Avast\aswhook.dll
0x00007ffbb35c0000 - 0x00007ffbb367d000 	C:\WINDOWS\System32\KERNEL32.DLL
0x00007ffbb2dc0000 - 0x00007ffbb3088000 	C:\WINDOWS\System32\KERNELBASE.dll
0x00007ffbb2c70000 - 0x00007ffbb2d70000 	C:\WINDOWS\System32\ucrtbase.dll
0x00007ffba05c0000 - 0x00007ffba05d8000 	C:\Program Files\Java\jdk-11.0.10\bin\jli.dll
0x00007ffbb3d60000 - 0x00007ffbb3e0c000 	C:\WINDOWS\System32\ADVAPI32.dll
0x00007ffbb4700000 - 0x00007ffbb479e000 	C:\WINDOWS\System32\msvcrt.dll
0x00007ffbb44e0000 - 0x00007ffbb457b000 	C:\WINDOWS\System32\sechost.dll
0x00007ffbb4f60000 - 0x00007ffbb508b000 	C:\WINDOWS\System32\RPCRT4.dll
0x00007ffbb33c0000 - 0x00007ffbb3560000 	C:\WINDOWS\System32\USER32.dll
0x00007ffbb2a60000 - 0x00007ffbb2a82000 	C:\WINDOWS\System32\win32u.dll
0x00007ffbb3390000 - 0x00007ffbb33ba000 	C:\WINDOWS\System32\GDI32.dll
0x00007ffbb2810000 - 0x00007ffbb291b000 	C:\WINDOWS\System32\gdi32full.dll
0x00007ffbb3090000 - 0x00007ffbb312d000 	C:\WINDOWS\System32\msvcp_win.dll
0x00007ffb9be70000 - 0x00007ffb9be85000 	C:\Program Files\Java\jdk-11.0.10\bin\VCRUNTIME140.dll
0x00007ffb9c600000 - 0x00007ffb9c89a000 	C:\WINDOWS\WinSxS\amd64_microsoft.windows.common-controls_6595b64144ccf1df_6.0.19041.844_none_ca00b6081b84eb1d\COMCTL32.dll
0x00007ffbacf80000 - 0x00007ffbacf8a000 	C:\WINDOWS\SYSTEM32\VERSION.dll
0x00007ffbb4440000 - 0x00007ffbb4470000 	C:\WINDOWS\System32\IMM32.DLL
0x00007ffb95400000 - 0x00007ffb9549b000 	C:\Program Files\Java\jdk-11.0.10\bin\msvcp140.dll
0x00007ffb74090000 - 0x00007ffb74b8b000 	C:\Program Files\Java\jdk-11.0.10\bin\server\jvm.dll
0x00007ffbb4470000 - 0x00007ffbb4478000 	C:\WINDOWS\System32\PSAPI.DLL
0x00007ffbb0820000 - 0x00007ffbb0829000 	C:\WINDOWS\SYSTEM32\WSOCK32.dll
0x00007ffbb3990000 - 0x00007ffbb39fb000 	C:\WINDOWS\System32\WS2_32.dll
0x00007ffba7db0000 - 0x00007ffba7dd7000 	C:\WINDOWS\SYSTEM32\WINMM.dll
0x00007ffbb1300000 - 0x00007ffbb1312000 	C:\WINDOWS\SYSTEM32\kernel.appcore.dll
0x00007ffba8180000 - 0x00007ffba8190000 	C:\Program Files\Java\jdk-11.0.10\bin\verify.dll
0x00007ffbb0610000 - 0x00007ffbb07f4000 	C:\WINDOWS\SYSTEM32\DBGHELP.DLL
0x00007ffbabdc0000 - 0x00007ffbabdec000 	C:\WINDOWS\SYSTEM32\dbgcore.DLL
0x00007ffbb2a90000 - 0x00007ffbb2b10000 	C:\WINDOWS\System32\bcryptPrimitives.dll
0x00007ffb9be40000 - 0x00007ffb9be68000 	C:\Program Files\Java\jdk-11.0.10\bin\java.dll
0x00007ffba77f0000 - 0x00007ffba77fa000 	C:\Program Files\Java\jdk-11.0.10\bin\jimage.dll
0x00007ffba1eb0000 - 0x00007ffba1ebe000 	C:\Program Files\Java\jdk-11.0.10\bin\instrument.dll
0x00007ffb9b160000 - 0x00007ffb9b176000 	C:\Program Files\Java\jdk-11.0.10\bin\zip.dll
0x00007ffbb47a0000 - 0x00007ffbb4ee2000 	C:\WINDOWS\System32\SHELL32.dll
0x00007ffbb0930000 - 0x00007ffbb10c1000 	C:\WINDOWS\SYSTEM32\windows.storage.dll
0x00007ffbb3a00000 - 0x00007ffbb3d55000 	C:\WINDOWS\System32\combase.dll
0x00007ffbb2280000 - 0x00007ffbb22ac000 	C:\WINDOWS\SYSTEM32\Wldp.dll
0x00007ffbb4650000 - 0x00007ffbb46fe000 	C:\WINDOWS\System32\SHCORE.dll
0x00007ffbb3560000 - 0x00007ffbb35b5000 	C:\WINDOWS\System32\shlwapi.dll
0x00007ffbb2750000 - 0x00007ffbb276f000 	C:\WINDOWS\SYSTEM32\profapi.dll
0x00007ffb9b140000 - 0x00007ffb9b159000 	C:\Program Files\Java\jdk-11.0.10\bin\net.dll
0x00007ffba8510000 - 0x00007ffba861b000 	C:\WINDOWS\SYSTEM32\WINHTTP.dll
0x00007ffbb1ff0000 - 0x00007ffbb205a000 	C:\WINDOWS\system32\mswsock.dll
0x00007ffb9a090000 - 0x00007ffb9a0a2000 	C:\Program Files\Java\jdk-11.0.10\bin\nio.dll
0x00007ffb97000000 - 0x00007ffb9701a000 	D:\Idea JDK\IntelliJ IDEA Community Edition 2020.3.3\bin\breakgen64.dll
0x00007ffbb21c0000 - 0x00007ffbb21d8000 	C:\WINDOWS\SYSTEM32\CRYPTSP.dll
0x00007ffbb1920000 - 0x00007ffbb1954000 	C:\WINDOWS\system32\rsaenh.dll
0x00007ffbb2920000 - 0x00007ffbb2947000 	C:\WINDOWS\System32\bcrypt.dll
0x00007ffbb2710000 - 0x00007ffbb273e000 	C:\WINDOWS\SYSTEM32\USERENV.dll
0x00007ffbb21e0000 - 0x00007ffbb21ec000 	C:\WINDOWS\SYSTEM32\CRYPTBASE.dll
0x00007ffbb1c90000 - 0x00007ffbb1ccb000 	C:\WINDOWS\SYSTEM32\IPHLPAPI.DLL
0x00007ffbb3130000 - 0x00007ffbb3138000 	C:\WINDOWS\System32\NSI.dll
0x00007ffbacf20000 - 0x00007ffbacf37000 	C:\WINDOWS\SYSTEM32\dhcpcsvc6.DLL
0x00007ffbad020000 - 0x00007ffbad03d000 	C:\WINDOWS\SYSTEM32\dhcpcsvc.DLL
0x00007ffbb1cd0000 - 0x00007ffbb1d9c000 	C:\WINDOWS\SYSTEM32\DNSAPI.dll

dbghelp: loaded successfully - version: 4.0.5 - missing functions: none
symbol engine: initialized successfully - sym options: 0x614 - pdb path: .;C:\Program Files\Java\jdk-11.0.10\bin;C:\WINDOWS\SYSTEM32;C:\Program Files\AVAST Software\Avast;C:\WINDOWS\WinSxS\amd64_microsoft.windows.common-controls_6595b64144ccf1df_6.0.19041.844_none_ca00b6081b84eb1d;C:\Program Files\Java\jdk-11.0.10\bin\server;D:\Idea JDK\IntelliJ IDEA Community Edition 2020.3.3\bin

VM Arguments:
jvm_args: -ea -Didea.test.cyclic.buffer.size=1048576 -javaagent:D:\Idea JDK\IntelliJ IDEA Community Edition 2020.3.3\lib\idea_rt.jar=60570:D:\Idea JDK\IntelliJ IDEA Community Edition 2020.3.3\bin -Dfile.encoding=UTF-8 
java_command: com.intellij.rt.testng.RemoteTestNGStarter -usedefaultlisteners false -socket60569 @w@C:\Users\asus\AppData\Local\Temp\idea_working_dirs_testng.tmp -temp C:\Users\asus\AppData\Local\Temp\idea_testng1.tmp
java_class_path (initial): D:\Idea JDK\IntelliJ IDEA Community Edition 2020.3.3\lib\idea_rt.jar;D:\Idea JDK\IntelliJ IDEA Community Edition 2020.3.3\plugins\testng\lib\testng-rt.jar;D:\TAQC\OpenCart\target\test-classes;D:\TAQC\OpenCart\target\classes;C:\Users\asus\.m2\repository\org\testng\testng\7.4.0\testng-7.4.0.jar;C:\Users\asus\.m2\repository\com\beust\jcommander\1.78\jcommander-1.78.jar;C:\Users\asus\.m2\repository\org\webjars\jquery\3.5.1\jquery-3.5.1.jar;C:\Users\asus\.m2\repository\org\seleniumhq\selenium\selenium-java\4.0.0-alpha-7\selenium-java-4.0.0-alpha-7.jar;C:\Users\asus\.m2\repository\org\seleniumhq\selenium\selenium-api\4.0.0-alpha-7\selenium-api-4.0.0-alpha-7.jar;C:\Users\asus\.m2\repository\org\seleniumhq\selenium\selenium-chrome-driver\4.0.0-alpha-7\selenium-chrome-driver-4.0.0-alpha-7.jar;C:\Users\asus\.m2\repository\com\google\auto\service\auto-service-annotations\1.0-rc7\auto-service-annotations-1.0-rc7.jar;C:\Users\asus\.m2\repository\com\google\auto\service\auto-service\1.0-rc7\auto-service-1.0-rc7.jar;C:\Users\asus\.m2\repository\com\google\auto\auto-common\0.10\auto-common-0.10.jar;C:\Users\asus\.m2\repository\com\google\guava\guava\30.0-jre\guava-30.0-jre.jar;C:\Users\asus\.m2\repository\com\google\guava\failureaccess\1.0.1\failureaccess-1.0.1.jar;C:\Users\asus\.m2\repository\com\google\guava\listenablefuture\9999.0-empty-to-avoid-conflict-with-guava\listenablefuture-9999.0-empty-to-avoid-conflict-with-guava.jar;C:\Users\asus\.m2\repository\com\google\code\findbugs\jsr305\3.0.2\jsr305-3.0.2.jar;C:\Users\asus\.m2\repository\org\checkerframework\checker-qual\3.5.0\checker-qual-3.5.0.jar;C:\Users\asus\.m2\repository\com\google\errorprone\error_prone_annotations\2.3.4\error_prone_annotations-2.3.4.jar;C:\Users\asus\.m2\repository\com\google\j2objc\j2objc-annotations\1.3\j2objc-annotations-1.3.jar;C:\Users\asus\.m2\repository\org\seleniumhq\selenium\selenium-chromium-driver\4.0.0-alpha-7\selenium-chromium-driver-4.0.0-alpha-7.jar;C:\Users\a
Launcher Type: SUN_STANDARD

[Global flags]
     intx CICompilerCount                          = 3                                         {product} {ergonomic}
     uint ConcGCThreads                            = 1                                         {product} {ergonomic}
     uint G1ConcRefinementThreads                  = 4                                         {product} {ergonomic}
   size_t G1HeapRegionSize                         = 1048576                                   {product} {ergonomic}
    uintx GCDrainStackTargetSize                   = 64                                        {product} {ergonomic}
   size_t InitialHeapSize                          = 67108864                                  {product} {ergonomic}
   size_t MarkStackSize                            = 4194304                                   {product} {ergonomic}
   size_t MaxHeapSize                              = 1048576000                                {product} {ergonomic}
   size_t MaxNewSize                               = 629145600                                 {product} {ergonomic}
   size_t MinHeapDeltaBytes                        = 1048576                                   {product} {ergonomic}
    uintx NonNMethodCodeHeapSize                   = 5830732                                {pd product} {ergonomic}
    uintx NonProfiledCodeHeapSize                  = 122913754                              {pd product} {ergonomic}
    uintx ProfiledCodeHeapSize                     = 122913754                              {pd product} {ergonomic}
    uintx ReservedCodeCacheSize                    = 251658240                              {pd product} {ergonomic}
     bool SegmentedCodeCache                       = true                                      {product} {ergonomic}
     bool UseCompressedClassPointers               = true                                 {lp64_product} {ergonomic}
     bool UseCompressedOops                        = true                                 {lp64_product} {ergonomic}
     bool UseG1GC                                  = true                                      {product} {ergonomic}
     bool UseLargePagesIndividualAllocation        = false                                  {pd product} {ergonomic}

Logging:
Log output configuration:
 #0: stdout all=warning uptime,level,tags
 #1: stderr all=off uptime,level,tags

Environment Variables:
JAVA_HOME=C:\Program Files\Java\jdk-11.0.10
PATH=C:\Program Files\Common Files\Oracle\Java\javapath;C:\Program Files (x86)\Intel\iCLS Client\;C:\Program Files\Intel\iCLS Client\;C:\Windows\system32;C:\Windows;C:\Windows\System32\Wbem;C:\Windows\System32\WindowsPowerShell\v1.0\;C:\Program Files (x86)\Intel\Intel(R) Management Engine Components\DAL;C:\Program Files\Intel\Intel(R) Management Engine Components\DAL;C:\Program Files (x86)\Intel\Intel(R) Management Engine Components\IPT;C:\Program Files\Intel\Intel(R) Management Engine Components\IPT;C:\Program Files (x86)\NVIDIA Corporation\PhysX\Common;C:\WINDOWS\system32;C:\WINDOWS;C:\WINDOWS\System32\Wbem;C:\WINDOWS\System32\WindowsPowerShell\v1.0\;C:\WINDOWS\System32\OpenSSH\;C:\Program Files\Intel\WiFi\bin\;C:\Program Files\Common Files\Intel\WirelessCommon\;C:\Program Files\Java\jdk-11.0.10\bin;D:\git\Git\cmd;C:\Users\asus\AppData\Local\Microsoft\WindowsApps;C:\Program Files\Intel\WiFi\bin\;C:\Program Files\Common Files\Intel\WirelessCommon\;C:\Users\asus\AppData\Local\GitHubDesktop\bin
USERNAME=asus
OS=Windows_NT
PROCESSOR_IDENTIFIER=Intel64 Family 6 Model 61 Stepping 4, GenuineIntel



---------------  S Y S T E M  ---------------

OS: Windows 10 , 64 bit Build 19041 (10.0.19041.928)

CPU:total 4 (initial active 4) (2 cores per cpu, 2 threads per core) family 6 model 61 stepping 4 microcode 0x2d, cmov, cx8, fxsr, mmx, sse, sse2, sse3, ssse3, sse4.1, sse4.2, popcnt, avx, avx2, aes, clmul, erms, 3dnowpref, lzcnt, ht, tsc, tscinvbit, bmi1, bmi2, adx, fma

Memory: 4k page, system-wide physical 3994M (311M free)
TotalPageFile size 8083M (AvailPageFile size 0M)
current process WorkingSet (physical memory assigned to process): 70M, peak: 70M
current process commit charge ("private bytes"): 148M, peak: 148M

vm_info: Java HotSpot(TM) 64-Bit Server VM (11.0.10+8-LTS-162) for windows-amd64 JRE (11.0.10+8-LTS-162), built on Dec  8 2020 16:32:57 by "mach5one" with MS VC++ 15.9 (VS2017)

END.
