#
# There is insufficient memory for the Java Runtime Environment to continue.
# Native memory allocation (mmap) failed to map 67108864 bytes for Failed to commit area from 0x00000000c1800000 to 0x00000000c5800000 of length 67108864.
# Possible reasons:
#   The system is out of physical RAM or swap space
#   The process is running with CompressedOops enabled, and the Java Heap may be blocking the growth of the native heap
# Possible solutions:
#   Reduce memory load on the system
#   Increase physical memory or swap space
#   Check if swap backing store is full
#   Decrease Java heap size (-Xmx/-Xms)
#   Decrease number of Java threads
#   Decrease Java thread stack sizes (-Xss)
#   Set larger code cache with -XX:ReservedCodeCacheSize=
# This output file may be truncated or incomplete.
#
#  Out of Memory Error (./open/src/hotspot/os/windows/os_windows.cpp:3273), pid=10828, tid=256
#
# JRE version:  (11.0.10+8) (build )
# Java VM: Java HotSpot(TM) 64-Bit Server VM (11.0.10+8-LTS-162, mixed mode, sharing, tiered, compressed oops, g1 gc, windows-amd64)
# No core dump will be written. Minidumps are not enabled by default on client versions of Windows
#

---------------  S U M M A R Y ------------

Command Line: -ea -Didea.test.cyclic.buffer.size=1048576 -javaagent:D:\Idea JDK\IntelliJ IDEA Community Edition 2020.3.3\lib\idea_rt.jar=60551:D:\Idea JDK\IntelliJ IDEA Community Edition 2020.3.3\bin -Dfile.encoding=UTF-8 com.intellij.rt.testng.RemoteTestNGStarter -usedefaultlisteners false -socket60550 @w@C:\Users\asus\AppData\Local\Temp\idea_working_dirs_testng.tmp -temp C:\Users\asus\AppData\Local\Temp\idea_testng.tmp

Host: Intel(R) Core(TM) i3-5005U CPU @ 2.00GHz, 4 cores, 3G,  Windows 10 , 64 bit Build 19041 (10.0.19041.928)
Time: Wed Apr 21 21:23:22 2021 Ô³íëÿíä³ÿ (ë³òî) elapsed time: 0.910346 seconds (0d 0h 0m 0s)

---------------  T H R E A D  ---------------

Current thread (0x000001d08c790000):  JavaThread "Unknown thread" [_thread_in_vm, id=256, stack(0x0000005f90900000,0x0000005f90a00000)]

Stack: [0x0000005f90900000,0x0000005f90a00000]
Native frames: (J=compiled Java code, j=interpreted, Vv=VM code, C=native code)
V  [jvm.dll+0x613e6a]
V  [jvm.dll+0x74c1ff]
V  [jvm.dll+0x74d885]
V  [jvm.dll+0x74df03]
V  [jvm.dll+0x243b78]
V  [jvm.dll+0x61125a]
V  [jvm.dll+0x606165]
V  [jvm.dll+0x2f85fc]
V  [jvm.dll+0x2f8482]
V  [jvm.dll+0x2fd136]
V  [jvm.dll+0x33f6bf]
V  [jvm.dll+0x33f0f0]
V  [jvm.dll+0x2d5d08]
V  [jvm.dll+0x2d6e66]
V  [jvm.dll+0x727d17]
V  [jvm.dll+0x7295bf]
V  [jvm.dll+0x34c4a9]
V  [jvm.dll+0x70d6b0]
V  [jvm.dll+0x3b584f]
V  [jvm.dll+0x3b7951]
C  [jli.dll+0x520b]
C  [ucrtbase.dll+0x21bb2]
C  [KERNEL32.DLL+0x17034]
C  [ntdll.dll+0x52651]


---------------  P R O C E S S  ---------------

Threads class SMR info:
_java_thread_list=0x000001d08a6efb20, length=0, elements={
}

Java Threads: ( => current thread )

Other Threads:
  0x000001d08c7a6000 GCTaskThread "GC Thread#0" [stack: 0x0000005f90a00000,0x0000005f90b00000] [id=12108]
  0x000001d08c7bf800 ConcurrentGCThread "G1 Main Marker" [stack: 0x0000005f90b00000,0x0000005f90c00000] [id=3636]
  0x000001d08c7c2000 ConcurrentGCThread "G1 Conc#0" [stack: 0x0000005f90c00000,0x0000005f90d00000] [id=10028]

[error occurred during error reporting (printing all threads), id 0xc0000005, EXCEPTION_ACCESS_VIOLATION (0xc0000005) at pc=0x00007ffb780e4f57]

VM state:not at safepoint (not fully initialized)

VM Mutex/Monitor currently owned by a thread:  ([mutex/lock_event])
[0x000001d08c78d0d0] Heap_lock - owner thread: 0x000001d08c790000

Heap address: 0x00000000c1800000, size: 1000 MB, Compressed Oops mode: Non-zero based: 0x00000000c1800000
Narrow klass base: 0x0000000000000000, Narrow klass shift: 0

GC Heap History (0 events):
No events

Deoptimization events (0 events):
No events

Classes redefined (0 events):
No events

Internal exceptions (0 events):
No events

Events (0 events):
No events


Dynamic libraries:
0x00007ff70ee70000 - 0x00007ff70ee7f000 	C:\Program Files\Java\jdk-11.0.10\bin\java.exe
0x00007ffbb50d0000 - 0x00007ffbb52c5000 	C:\WINDOWS\SYSTEM32\ntdll.dll
0x00007ffbada30000 - 0x00007ffbada43000 	C:\Program Files\AVAST Software\Avast\aswhook.dll
0x00007ffbb35c0000 - 0x00007ffbb367d000 	C:\WINDOWS\System32\KERNEL32.DLL
0x00007ffbb2dc0000 - 0x00007ffbb3088000 	C:\WINDOWS\System32\KERNELBASE.dll
0x00007ffbb2c70000 - 0x00007ffbb2d70000 	C:\WINDOWS\System32\ucrtbase.dll
0x00007ffb9be70000 - 0x00007ffb9be85000 	C:\Program Files\Java\jdk-11.0.10\bin\VCRUNTIME140.dll
0x00007ffba05c0000 - 0x00007ffba05d8000 	C:\Program Files\Java\jdk-11.0.10\bin\jli.dll
0x00007ffbb3d60000 - 0x00007ffbb3e0c000 	C:\WINDOWS\System32\ADVAPI32.dll
0x00007ffbb4700000 - 0x00007ffbb479e000 	C:\WINDOWS\System32\msvcrt.dll
0x00007ffbb44e0000 - 0x00007ffbb457b000 	C:\WINDOWS\System32\sechost.dll
0x00007ffbb4f60000 - 0x00007ffbb508b000 	C:\WINDOWS\System32\RPCRT4.dll
0x00007ffbb33c0000 - 0x00007ffbb3560000 	C:\WINDOWS\System32\USER32.dll
0x00007ffbb2a60000 - 0x00007ffbb2a82000 	C:\WINDOWS\System32\win32u.dll
0x00007ffbb3390000 - 0x00007ffbb33ba000 	C:\WINDOWS\System32\GDI32.dll
0x00007ffbb2810000 - 0x00007ffbb291b000 	C:\WINDOWS\System32\gdi32full.dll
0x00007ffbb3090000 - 0x00007ffbb312d000 	C:\WINDOWS\System32\msvcp_win.dll
0x00007ffb9c600000 - 0x00007ffb9c89a000 	C:\WINDOWS\WinSxS\amd64_microsoft.windows.common-controls_6595b64144ccf1df_6.0.19041.844_none_ca00b6081b84eb1d\COMCTL32.dll
0x00007ffbacf80000 - 0x00007ffbacf8a000 	C:\WINDOWS\SYSTEM32\VERSION.dll
0x00007ffbb4440000 - 0x00007ffbb4470000 	C:\WINDOWS\System32\IMM32.DLL
0x00007ffb95400000 - 0x00007ffb9549b000 	C:\Program Files\Java\jdk-11.0.10\bin\msvcp140.dll
0x00007ffb77e00000 - 0x00007ffb788fb000 	C:\Program Files\Java\jdk-11.0.10\bin\server\jvm.dll
0x00007ffbb4470000 - 0x00007ffbb4478000 	C:\WINDOWS\System32\PSAPI.DLL
0x00007ffbb0820000 - 0x00007ffbb0829000 	C:\WINDOWS\SYSTEM32\WSOCK32.dll
0x00007ffbb3990000 - 0x00007ffbb39fb000 	C:\WINDOWS\System32\WS2_32.dll
0x00007ffba7db0000 - 0x00007ffba7dd7000 	C:\WINDOWS\SYSTEM32\WINMM.dll
0x00007ffbb1300000 - 0x00007ffbb1312000 	C:\WINDOWS\SYSTEM32\kernel.appcore.dll
0x00007ffba8180000 - 0x00007ffba8190000 	C:\Program Files\Java\jdk-11.0.10\bin\verify.dll
0x00007ffbb0610000 - 0x00007ffbb07f4000 	C:\WINDOWS\SYSTEM32\DBGHELP.DLL
0x00007ffbabdc0000 - 0x00007ffbabdec000 	C:\WINDOWS\SYSTEM32\dbgcore.DLL
0x00007ffbb2a90000 - 0x00007ffbb2b10000 	C:\WINDOWS\System32\bcryptPrimitives.dll
0x00007ffb9be40000 - 0x00007ffb9be68000 	C:\Program Files\Java\jdk-11.0.10\bin\java.dll
0x00007ffba77f0000 - 0x00007ffba77fa000 	C:\Program Files\Java\jdk-11.0.10\bin\jimage.dll
0x00007ffba1eb0000 - 0x00007ffba1ebe000 	C:\Program Files\Java\jdk-11.0.10\bin\instrument.dll
0x00007ffb9b160000 - 0x00007ffb9b176000 	C:\Program Files\Java\jdk-11.0.10\bin\zip.dll

dbghelp: loaded successfully - version: 4.0.5 - missing functions: none
symbol engine: initialized successfully - sym options: 0x614 - pdb path: .;C:\Program Files\Java\jdk-11.0.10\bin;C:\WINDOWS\SYSTEM32;C:\Program Files\AVAST Software\Avast;C:\WINDOWS\WinSxS\amd64_microsoft.windows.common-controls_6595b64144ccf1df_6.0.19041.844_none_ca00b6081b84eb1d;C:\Program Files\Java\jdk-11.0.10\bin\server

VM Arguments:
jvm_args: -ea -Didea.test.cyclic.buffer.size=1048576 -javaagent:D:\Idea JDK\IntelliJ IDEA Community Edition 2020.3.3\lib\idea_rt.jar=60551:D:\Idea JDK\IntelliJ IDEA Community Edition 2020.3.3\bin -Dfile.encoding=UTF-8 
java_command: com.intellij.rt.testng.RemoteTestNGStarter -usedefaultlisteners false -socket60550 @w@C:\Users\asus\AppData\Local\Temp\idea_working_dirs_testng.tmp -temp C:\Users\asus\AppData\Local\Temp\idea_testng.tmp
java_class_path (initial): D:\Idea JDK\IntelliJ IDEA Community Edition 2020.3.3\lib\idea_rt.jar;D:\Idea JDK\IntelliJ IDEA Community Edition 2020.3.3\plugins\testng\lib\testng-rt.jar;D:\TAQC\OpenCart\target\test-classes;D:\TAQC\OpenCart\target\classes;C:\Users\asus\.m2\repository\org\testng\testng\7.4.0\testng-7.4.0.jar;C:\Users\asus\.m2\repository\com\beust\jcommander\1.78\jcommander-1.78.jar;C:\Users\asus\.m2\repository\org\webjars\jquery\3.5.1\jquery-3.5.1.jar;C:\Users\asus\.m2\repository\org\seleniumhq\selenium\selenium-java\4.0.0-alpha-7\selenium-java-4.0.0-alpha-7.jar;C:\Users\asus\.m2\repository\org\seleniumhq\selenium\selenium-api\4.0.0-alpha-7\selenium-api-4.0.0-alpha-7.jar;C:\Users\asus\.m2\repository\org\seleniumhq\selenium\selenium-chrome-driver\4.0.0-alpha-7\selenium-chrome-driver-4.0.0-alpha-7.jar;C:\Users\asus\.m2\repository\com\google\auto\service\auto-service-annotations\1.0-rc7\auto-service-annotations-1.0-rc7.jar;C:\Users\asus\.m2\repository\com\google\auto\service\auto-service\1.0-rc7\auto-service-1.0-rc7.jar;C:\Users\asus\.m2\repository\com\google\auto\auto-common\0.10\auto-common-0.10.jar;C:\Users\asus\.m2\repository\com\google\guava\guava\30.0-jre\guava-30.0-jre.jar;C:\Users\asus\.m2\repository\com\google\guava\failureaccess\1.0.1\failureaccess-1.0.1.jar;C:\Users\asus\.m2\repository\com\google\guava\listenablefuture\9999.0-empty-to-avoid-conflict-with-guava\listenablefuture-9999.0-empty-to-avoid-conflict-with-guava.jar;C:\Users\asus\.m2\repository\com\google\code\findbugs\jsr305\3.0.2\jsr305-3.0.2.jar;C:\Users\asus\.m2\repository\org\checkerframework\checker-qual\3.5.0\checker-qual-3.5.0.jar;C:\Users\asus\.m2\repository\com\google\errorprone\error_prone_annotations\2.3.4\error_prone_annotations-2.3.4.jar;C:\Users\asus\.m2\repository\com\google\j2objc\j2objc-annotations\1.3\j2objc-annotations-1.3.jar;C:\Users\asus\.m2\repository\org\seleniumhq\selenium\selenium-chromium-driver\4.0.0-alpha-7\selenium-chromium-driver-4.0.0-alpha-7.jar;C:\Users\a
Launcher Type: SUN_STANDARD

[Global flags]
     intx CICompilerCount                          = 3                                         {product} {ergonomic}
     uint ConcGCThreads                            = 1                                         {product} {ergonomic}
     uint G1ConcRefinementThreads                  = 4                                         {product} {ergonomic}
   size_t G1HeapRegionSize                         = 1048576                                   {product} {ergonomic}
    uintx GCDrainStackTargetSize                   = 64                                        {product} {ergonomic}
   size_t InitialHeapSize                          = 67108864                                  {product} {ergonomic}
   size_t MarkStackSize                            = 4194304                                   {product} {ergonomic}
   size_t MaxHeapSize                              = 1048576000                                {product} {ergonomic}
   size_t MinHeapDeltaBytes                        = 1048576                                   {product} {ergonomic}
    uintx NonNMethodCodeHeapSize                   = 5830732                                {pd product} {ergonomic}
    uintx NonProfiledCodeHeapSize                  = 122913754                              {pd product} {ergonomic}
    uintx ProfiledCodeHeapSize                     = 122913754                              {pd product} {ergonomic}
    uintx ReservedCodeCacheSize                    = 251658240                              {pd product} {ergonomic}
     bool SegmentedCodeCache                       = true                                      {product} {ergonomic}
     bool UseCompressedClassPointers               = true                                 {lp64_product} {ergonomic}
     bool UseCompressedOops                        = true                                 {lp64_product} {ergonomic}
     bool UseG1GC                                  = true                                      {product} {ergonomic}
     bool UseLargePagesIndividualAllocation        = false                                  {pd product} {ergonomic}

Logging:
Log output configuration:
 #0: stdout all=warning uptime,level,tags
 #1: stderr all=off uptime,level,tags

Environment Variables:
JAVA_HOME=C:\Program Files\Java\jdk-11.0.10
PATH=C:\Program Files\Common Files\Oracle\Java\javapath;C:\Program Files (x86)\Intel\iCLS Client\;C:\Program Files\Intel\iCLS Client\;C:\Windows\system32;C:\Windows;C:\Windows\System32\Wbem;C:\Windows\System32\WindowsPowerShell\v1.0\;C:\Program Files (x86)\Intel\Intel(R) Management Engine Components\DAL;C:\Program Files\Intel\Intel(R) Management Engine Components\DAL;C:\Program Files (x86)\Intel\Intel(R) Management Engine Components\IPT;C:\Program Files\Intel\Intel(R) Management Engine Components\IPT;C:\Program Files (x86)\NVIDIA Corporation\PhysX\Common;C:\WINDOWS\system32;C:\WINDOWS;C:\WINDOWS\System32\Wbem;C:\WINDOWS\System32\WindowsPowerShell\v1.0\;C:\WINDOWS\System32\OpenSSH\;C:\Program Files\Intel\WiFi\bin\;C:\Program Files\Common Files\Intel\WirelessCommon\;C:\Program Files\Java\jdk-11.0.10\bin;D:\git\Git\cmd;C:\Users\asus\AppData\Local\Microsoft\WindowsApps;C:\Program Files\Intel\WiFi\bin\;C:\Program Files\Common Files\Intel\WirelessCommon\;C:\Users\asus\AppData\Local\GitHubDesktop\bin
USERNAME=asus
OS=Windows_NT
PROCESSOR_IDENTIFIER=Intel64 Family 6 Model 61 Stepping 4, GenuineIntel



---------------  S Y S T E M  ---------------

OS: Windows 10 , 64 bit Build 19041 (10.0.19041.928)

CPU:total 4 (initial active 4) (2 cores per cpu, 2 threads per core) family 6 model 61 stepping 4 microcode 0x2d, cmov, cx8, fxsr, mmx, sse, sse2, sse3, ssse3, sse4.1, sse4.2, popcnt, avx, avx2, aes, clmul, erms, 3dnowpref, lzcnt, ht, tsc, tscinvbit, bmi1, bmi2, adx, fma

Memory: 4k page, system-wide physical 3994M (358M free)
TotalPageFile size 8083M (AvailPageFile size 49M)
current process WorkingSet (physical memory assigned to process): 10M, peak: 10M
current process commit charge ("private bytes"): 51M, peak: 115M

vm_info: Java HotSpot(TM) 64-Bit Server VM (11.0.10+8-LTS-162) for windows-amd64 JRE (11.0.10+8-LTS-162), built on Dec  8 2020 16:32:57 by "mach5one" with MS VC++ 15.9 (VS2017)

END.
